26-02-23.13:51:35.073 [main            ] INFO  Application            - Starting Application using Java 1.8.0_391 on LAPTOP-EK831I6O with PID 13180 (E:\java_project\s-pay-mall-ddd\s-pay-mall-ddd-app\target\classes started by ZFHZZ in E:\java_project\s-pay-mall-ddd)
26-02-23.13:51:35.074 [main            ] INFO  Application            - The following 1 profile is active: "dev"
26-02-23.13:51:36.987 [main            ] INFO  TomcatWebServer        - Tomcat initialized with port(s): 8080 (http)
26-02-23.13:51:36.990 [main            ] INFO  Http11NioProtocol      - Initializing ProtocolHandler ["http-nio-8080"]
26-02-23.13:51:36.991 [main            ] INFO  StandardService        - Starting service [Tomcat]
26-02-23.13:51:36.991 [main            ] INFO  StandardEngine         - Starting Servlet engine: [Apache Tomcat/9.0.75]
26-02-23.13:51:38.898 [main            ] INFO  [/]                    - Initializing Spring embedded WebApplicationContext
26-02-23.13:51:38.898 [main            ] INFO  ServletWebServerApplicationContext - Root WebApplicationContext: initialization completed in 3801 ms
26-02-23.13:51:39.953 [main            ] INFO  Http11NioProtocol      - Starting ProtocolHandler ["http-nio-8080"]
26-02-23.13:51:39.962 [main            ] INFO  TomcatWebServer        - Tomcat started on port(s): 8080 (http) with context path ''
26-02-23.13:51:39.970 [main            ] INFO  Application            - Started Application in 5.163 seconds (JVM running for 14.068)
26-02-23.13:51:42.008 [scheduling-1    ] INFO  NoPayNotifyOrderJob    - 任务；检测未接收到或未正确处理的支付回调通知
26-02-23.13:51:42.022 [scheduling-1    ] INFO  HikariDataSource       - HikariPool-1 - Starting...
26-02-23.13:51:42.090 [scheduling-1    ] INFO  HikariDataSource       - HikariPool-1 - Start completed.
26-02-23.13:51:45.000 [scheduling-1    ] INFO  NoPayNotifyOrderJob    - 任务；检测未接收到或未正确处理的支付回调通知
26-02-23.13:51:48.015 [scheduling-1    ] INFO  NoPayNotifyOrderJob    - 任务；检测未接收到或未正确处理的支付回调通知
26-02-23.13:51:51.006 [scheduling-1    ] INFO  NoPayNotifyOrderJob    - 任务；检测未接收到或未正确处理的支付回调通知
26-02-23.13:51:53.305 [http-nio-8080-exec-1] INFO  [/]                    - Initializing Spring DispatcherServlet 'dispatcherServlet'
26-02-23.13:51:53.306 [http-nio-8080-exec-1] INFO  DispatcherServlet      - Initializing Servlet 'dispatcherServlet'
26-02-23.13:51:53.306 [http-nio-8080-exec-1] INFO  DispatcherServlet      - Completed initialization in 0 ms
26-02-23.13:51:54.001 [scheduling-1    ] INFO  NoPayNotifyOrderJob    - 任务；检测未接收到或未正确处理的支付回调通知
26-02-23.13:51:54.087 [http-nio-8080-exec-1] INFO  LoginController        - 生成微信扫码登录 ticket:gQHc8DwAAAAAAAAAAS5odHRwOi8vd2VpeGluLnFxLmNvbS9xLzAyMVR5U29nU2VjQXQxVFdUM2hGMXgAAgT66ptpAwQAjScA
26-02-23.13:51:57.008 [scheduling-1    ] INFO  NoPayNotifyOrderJob    - 任务；检测未接收到或未正确处理的支付回调通知
26-02-23.13:51:57.116 [http-nio-8080-exec-2] INFO  LoginController        - 扫码检测登录结果 ticket:gQHc8DwAAAAAAAAAAS5odHRwOi8vd2VpeGluLnFxLmNvbS9xLzAyMVR5U29nU2VjQXQxVFdUM2hGMXgAAgT66ptpAwQAjScA openidToken:null
26-02-23.13:52:00.007 [scheduling-1    ] INFO  NoPayNotifyOrderJob    - 任务；检测未接收到或未正确处理的支付回调通知
26-02-23.13:52:00.105 [http-nio-8080-exec-3] INFO  LoginController        - 扫码检测登录结果 ticket:gQHc8DwAAAAAAAAAAS5odHRwOi8vd2VpeGluLnFxLmNvbS9xLzAyMVR5U29nU2VjQXQxVFdUM2hGMXgAAgT66ptpAwQAjScA openidToken:null
26-02-23.13:52:03.010 [scheduling-1    ] INFO  NoPayNotifyOrderJob    - 任务；检测未接收到或未正确处理的支付回调通知
26-02-23.13:52:03.110 [http-nio-8080-exec-5] INFO  LoginController        - 扫码检测登录结果 ticket:gQHc8DwAAAAAAAAAAS5odHRwOi8vd2VpeGluLnFxLmNvbS9xLzAyMVR5U29nU2VjQXQxVFdUM2hGMXgAAgT66ptpAwQAjScA openidToken:null
26-02-23.13:52:06.006 [scheduling-1    ] INFO  NoPayNotifyOrderJob    - 任务；检测未接收到或未正确处理的支付回调通知
26-02-23.13:52:06.105 [http-nio-8080-exec-6] INFO  LoginController        - 扫码检测登录结果 ticket:gQHc8DwAAAAAAAAAAS5odHRwOi8vd2VpeGluLnFxLmNvbS9xLzAyMVR5U29nU2VjQXQxVFdUM2hGMXgAAgT66ptpAwQAjScA openidToken:null
26-02-23.13:52:09.015 [scheduling-1    ] INFO  NoPayNotifyOrderJob    - 任务；检测未接收到或未正确处理的支付回调通知
26-02-23.13:52:09.111 [http-nio-8080-exec-7] INFO  LoginController        - 扫码检测登录结果 ticket:gQHc8DwAAAAAAAAAAS5odHRwOi8vd2VpeGluLnFxLmNvbS9xLzAyMVR5U29nU2VjQXQxVFdUM2hGMXgAAgT66ptpAwQAjScA openidToken:null
26-02-23.13:52:09.381 [http-nio-8080-exec-4] INFO  WeixinPortalController - 接收微信公众号信息请求otk4k3c7aBAmW5OOpMzo_OE_Mo30开始 <xml><ToUserName><![CDATA[gh_7989e5551c86]]></ToUserName>
<FromUserName><![CDATA[otk4k3c7aBAmW5OOpMzo_OE_Mo30]]></FromUserName>
<CreateTime>1771825929</CreateTime>
<MsgType><![CDATA[event]]></MsgType>
<Event><![CDATA[SCAN]]></Event>
<EventKey><![CDATA[100601]]></EventKey>
<Ticket><![CDATA[gQHc8DwAAAAAAAAAAS5odHRwOi8vd2VpeGluLnFxLmNvbS9xLzAyMVR5U29nU2VjQXQxVFdUM2hGMXgAAgT66ptpAwQAjScA]]></Ticket>
</xml>
26-02-23.13:52:10.873 [http-nio-8080-exec-10] INFO  WeixinPortalController - 接收微信公众号信息请求otk4k3c7aBAmW5OOpMzo_OE_Mo30开始 <xml><ToUserName><![CDATA[gh_7989e5551c86]]></ToUserName>
<FromUserName><![CDATA[otk4k3c7aBAmW5OOpMzo_OE_Mo30]]></FromUserName>
<CreateTime>1771825931</CreateTime>
<MsgType><![CDATA[event]]></MsgType>
<Event><![CDATA[TEMPLATESENDJOBFINISH]]></Event>
<MsgID>4399550742165028865</MsgID>
<Status><![CDATA[success]]></Status>
</xml>
26-02-23.13:52:12.005 [scheduling-1    ] INFO  NoPayNotifyOrderJob    - 任务；检测未接收到或未正确处理的支付回调通知
26-02-23.13:52:12.103 [http-nio-8080-exec-1] INFO  LoginController        - 扫码检测登录结果 ticket:gQHc8DwAAAAAAAAAAS5odHRwOi8vd2VpeGluLnFxLmNvbS9xLzAyMVR5U29nU2VjQXQxVFdUM2hGMXgAAgT66ptpAwQAjScA openidToken:otk4k3c7aBAmW5OOpMzo_OE_Mo30
26-02-23.13:52:14.434 [http-nio-8080-exec-3] INFO  AliPayController       - 商品下单，根据商品ID创建支付单开始 userId:otk4k3c7aBAmW5OOpMzo_OE_Mo30 productId:otk4k3c7aBAmW5OOpMzo_OE_Mo30
26-02-23.13:52:14.554 [http-nio-8080-exec-3] INFO  AbstractOrderService   - 创建订单-完成，生成支付单。userId: otk4k3c7aBAmW5OOpMzo_OE_Mo30 orderId: 30652892283884 payUrl: <form name="punchout_form" method="post" action="https://openapi-sandbox.dl.alipaydev.com/gateway.do?charset=utf-8&method=alipay.trade.page.pay&sign=VQtm5ZlKIDuqfrfYh7ORlZadAzJ8XMkqSDSiONtPrtP9DxeiDjvxAQNENaQyN7dI%2BzWlGQnxhIxjsm%2B%2BqVyxwptzEKHzNMtmi1y5VHscX3iEugYsLmAxDY7XO%2BGBoUxLQCyoioR5NWmg79se34GmP9Y%2BJCjtV%2FlSA6o0DC2RsSH6ogDNLHqqKsIeYil6pFjNTn%2BUTPQYrt2xwKR7ZvdfWahm4yMmqQjrwoF%2FanxRkMD2SMTpoLtYWuSQC8jxGAk8F6ggmMxunOz9syjkeamSN45Jh%2Fh0Pd0axuqVPmXwueKVgFiniw5ftgWH3FOIFU2oZV5wW39tCgxfyXSe2jTpFA%3D%3D&return_url=https%3A%2F%2Fgaga.plus&notify_url=http%3A%2F%2Fzfhzz.nat100.top%2Fapi%2Fv1%2Falipay%2Falipay_notify_url&version=1.0&app_id=9021000161677151&sign_type=RSA2&timestamp=2026-02-23+13%3A52%3A14&alipay_sdk=alipay-sdk-java-4.38.157.ALL&format=json">
<input type="hidden" name="biz_content" value="{&quot;out_trade_no&quot;:&quot;30652892283884&quot;,&quot;total_amount&quot;:&quot;1.68&quot;,&quot;subject&quot;:&quot;测试商品&quot;,&quot;product_code&quot;:&quot;FAST_INSTANT_TRADE_PAY&quot;}">
<input type="submit" value="立即支付" style="display:none" >
</form>
<script>document.forms[0].submit();</script>
26-02-23.13:52:14.555 [http-nio-8080-exec-3] INFO  AliPayController       - 商品下单，根据商品ID创建支付单完成 userId:otk4k3c7aBAmW5OOpMzo_OE_Mo30 productId:100010090091 orderId:30652892283884
26-02-23.13:52:15.015 [scheduling-1    ] INFO  NoPayNotifyOrderJob    - 任务；检测未接收到或未正确处理的支付回调通知
26-02-23.13:52:18.005 [scheduling-1    ] INFO  NoPayNotifyOrderJob    - 任务；检测未接收到或未正确处理的支付回调通知
26-02-23.13:52:21.007 [scheduling-1    ] INFO  NoPayNotifyOrderJob    - 任务；检测未接收到或未正确处理的支付回调通知
26-02-23.13:52:24.009 [scheduling-1    ] INFO  NoPayNotifyOrderJob    - 任务；检测未接收到或未正确处理的支付回调通知
26-02-23.13:52:27.008 [scheduling-1    ] INFO  NoPayNotifyOrderJob    - 任务；检测未接收到或未正确处理的支付回调通知
26-02-23.13:52:30.207 [scheduling-1    ] INFO  NoPayNotifyOrderJob    - 任务；检测未接收到或未正确处理的支付回调通知
26-02-23.13:52:33.007 [scheduling-1    ] INFO  NoPayNotifyOrderJob    - 任务；检测未接收到或未正确处理的支付回调通知
26-02-23.13:52:36.008 [scheduling-1    ] INFO  NoPayNotifyOrderJob    - 任务；检测未接收到或未正确处理的支付回调通知
26-02-23.13:52:39.008 [scheduling-1    ] INFO  NoPayNotifyOrderJob    - 任务；检测未接收到或未正确处理的支付回调通知
26-02-23.13:52:42.004 [scheduling-1    ] INFO  NoPayNotifyOrderJob    - 任务；检测未接收到或未正确处理的支付回调通知
26-02-23.13:52:45.007 [scheduling-1    ] INFO  NoPayNotifyOrderJob    - 任务；检测未接收到或未正确处理的支付回调通知
26-02-23.13:52:48.014 [scheduling-1    ] INFO  NoPayNotifyOrderJob    - 任务；检测未接收到或未正确处理的支付回调通知
26-02-23.13:52:51.008 [scheduling-1    ] INFO  NoPayNotifyOrderJob    - 任务；检测未接收到或未正确处理的支付回调通知
26-02-23.13:52:54.007 [scheduling-1    ] INFO  NoPayNotifyOrderJob    - 任务；检测未接收到或未正确处理的支付回调通知
26-02-23.13:52:57.014 [scheduling-1    ] INFO  NoPayNotifyOrderJob    - 任务；检测未接收到或未正确处理的支付回调通知
26-02-23.13:53:00.008 [scheduling-1    ] INFO  NoPayNotifyOrderJob    - 任务；检测未接收到或未正确处理的支付回调通知
26-02-23.13:53:03.002 [scheduling-1    ] INFO  NoPayNotifyOrderJob    - 任务；检测未接收到或未正确处理的支付回调通知
26-02-23.13:53:06.005 [scheduling-1    ] INFO  NoPayNotifyOrderJob    - 任务；检测未接收到或未正确处理的支付回调通知
26-02-23.13:53:09.010 [scheduling-1    ] INFO  NoPayNotifyOrderJob    - 任务；检测未接收到或未正确处理的支付回调通知
26-02-23.13:53:12.008 [scheduling-1    ] INFO  NoPayNotifyOrderJob    - 任务；检测未接收到或未正确处理的支付回调通知
26-02-23.13:53:15.003 [scheduling-1    ] INFO  NoPayNotifyOrderJob    - 任务；检测未接收到或未正确处理的支付回调通知
26-02-23.13:53:15.946 [scheduling-1    ] ERROR err                    - ErrorScene^_^40004^_^ACQ.TRADE_NOT_EXIST^_^null^_^Windows 11^_^2026-02-23 13:53:15^_^ProtocalMustParams:charset=utf-8&method=alipay.trade.query&sign=VwdcPCb86wl1CXtIWrnAGiN5t1hWlIBfHH7fI/NUDrweIKr0KN42bffrLSWwP0VAIOD4UzsFtwpoaUy1CPQDjCzMOWb968pfOY+AKiKnFXnW0lQR6ioDqhGNQeWhPcvwazUYIYs4ffKM8M4sXeTsfYhJMdsiHgPVVuBINwIlDfEixZ3hXD3r5aUF2bWaVL6ol6faUuuMYn+62VrCfPJSD96c4Ai/lERr033eRJANZz6do3uKujyRhBYFS85V8psS5Ffx904+CVP/O4gp45vf9s3NHD7ooG3qK0pY7HAQixDO1JTSuprcDT4X5uNkY2YC6Gf22nQ9dwC+uhHIXmBgoA==&version=1.0&app_id=9021000161677151&sign_type=RSA2&timestamp=2026-02-23 13:53:15^_^ProtocalOptParams:alipay_sdk=alipay-sdk-java-4.38.157.ALL&format=json^_^ApplicationParams:traceId=06013ec2177182599567358471331729&biz_content={"out_trade_no":"30652892283884"}^_^Body:{"alipay_trade_query_response":{"msg":"Business Failed","code":"40004","out_trade_no":"30652892283884","sub_msg":"交易不存在","sub_code":"ACQ.TRADE_NOT_EXIST","receipt_amount":"0.00","point_amount":"0.00","buyer_pay_amount":"0.00","invoice_amount":"0.00"},"sign":"APq9AZcRZ9avp+0gb5LOewwVaZC06LgPCNwfifgqvs+aotbIbE2jvczPPBmq/4W7zCYfOnzmHXLSZ38UUd1GD+XUGH3fmRcumZBVOGheUw6bzK7AnZcFQWLuey9zFJPevDbZeD9tRULpSZcaLWLCnz6XM59wvvetP2vncNfFTthHqG71bSZp7Y/RwAbfK4Npvz3vHq6UwEp+Hm5yPlNF2ZFx8fWH0+icVtdCJXPENxPzRaG7h184kdXzC2lR/Ch4InXrSv05hCmKiGBf/NYvwNnlP4h2XjebhXc8czMz34mRWphgiVCdWDQgi+eOu/xAZ0I85+lVBq/bCR6wlIt11Q=="}^_^28ms,831ms,51ms^_^trace_id:06013ec2177182599567358471331729
26-02-23.13:53:18.005 [scheduling-1    ] INFO  NoPayNotifyOrderJob    - 任务；检测未接收到或未正确处理的支付回调通知
26-02-23.13:53:18.475 [scheduling-1    ] ERROR err                    - ErrorScene^_^40004^_^ACQ.TRADE_NOT_EXIST^_^null^_^Windows 11^_^2026-02-23 13:53:18^_^ProtocalMustParams:charset=utf-8&method=alipay.trade.query&sign=hVhvKleKeVBsftEEnyt7U5r1yjb0MVrYsBqHIuFHNP81vxx+UyonrG8PIKGM2sWqbBe7SVbmPgjn528GSUtQJgFaomzhecRdqIq5DmrNX7wUn2IoFV5D9SG2tqwIDT/oBokKgLMtm8bWIBouUqViQ/U4pojUvEBH3/mKcsW76o5bAUmojH178Eup5/HHraeRoUwWLKx/IVoXRw2SshY5yOlVEztrm95wnfVyFeUURDtOY+cROXtNZ2Vlt3xUJiEVUPHVAQoXLPzRgFITPE69N2YI33CeWHG0f1og/GYV03aXMq/c2uMzImC6XgreyafPU7N5IYsi/V9KB25ILXtJiQ==&version=1.0&app_id=9021000161677151&sign_type=RSA2&timestamp=2026-02-23 13:53:18^_^ProtocalOptParams:alipay_sdk=alipay-sdk-java-4.38.157.ALL&format=json^_^ApplicationParams:traceId=0601d6c7177182599849462391459730&biz_content={"out_trade_no":"30652892283884"}^_^Body:{"alipay_trade_query_response":{"msg":"Business Failed","code":"40004","out_trade_no":"30652892283884","sub_msg":"交易不存在","sub_code":"ACQ.TRADE_NOT_EXIST","receipt_amount":"0.00","point_amount":"0.00","buyer_pay_amount":"0.00","invoice_amount":"0.00"},"sign":"APq9AZcRZ9avp+0gb5LOewwVaZC06LgPCNwfifgqvs+aotbIbE2jvczPPBmq/4W7zCYfOnzmHXLSZ38UUd1GD+XUGH3fmRcumZBVOGheUw6bzK7AnZcFQWLuey9zFJPevDbZeD9tRULpSZcaLWLCnz6XM59wvvetP2vncNfFTthHqG71bSZp7Y/RwAbfK4Npvz3vHq6UwEp+Hm5yPlNF2ZFx8fWH0+icVtdCJXPENxPzRaG7h184kdXzC2lR/Ch4InXrSv05hCmKiGBf/NYvwNnlP4h2XjebhXc8czMz34mRWphgiVCdWDQgi+eOu/xAZ0I85+lVBq/bCR6wlIt11Q=="}^_^20ms,410ms,22ms^_^trace_id:0601d6c7177182599849462391459730
26-02-23.13:53:21.007 [scheduling-1    ] INFO  NoPayNotifyOrderJob    - 任务；检测未接收到或未正确处理的支付回调通知
26-02-23.13:53:21.510 [scheduling-1    ] ERROR err                    - ErrorScene^_^40004^_^ACQ.TRADE_NOT_EXIST^_^null^_^Windows 11^_^2026-02-23 13:53:21^_^ProtocalMustParams:charset=utf-8&method=alipay.trade.query&sign=VYxBz7rm1juI0B2IeCDlu3SvVn2tM5IvwAwMC4e4MQwvhphxRaoh23U7r0p5gF1uScMYYe+ezUCcEdtwkCcoulww0Ouci2I5kl+NDmwOgoHgtaQa1daKdWsGHZZldDJxVqrOzvyU9pMXdQ1S7WkrZMAe0437zWTYg1G6NqMq80BjFIRJLgCxpRC+g+Tm+VFcPonk6eIWICMijNdTdpYdy/OHr9tQ5i51feD7UFl3npFdOt6pksals5wNLHzmv8o2tuO/vYbZttiVw+A+Vhxg/uVChbnEAUK5d9VmMEqFFhmhMhw7P0vLiUZM9BFuhGE9Uu/QaecKCPib+u20ETdZLg==&version=1.0&app_id=9021000161677151&sign_type=RSA2&timestamp=2026-02-23 13:53:21^_^ProtocalOptParams:alipay_sdk=alipay-sdk-java-4.38.157.ALL&format=json^_^ApplicationParams:traceId=0601d58b17718260014987506245209&biz_content={"out_trade_no":"30652892283884"}^_^Body:{"alipay_trade_query_response":{"msg":"Business Failed","code":"40004","out_trade_no":"30652892283884","sub_msg":"交易不存在","sub_code":"ACQ.TRADE_NOT_EXIST","receipt_amount":"0.00","point_amount":"0.00","buyer_pay_amount":"0.00","invoice_amount":"0.00"},"sign":"APq9AZcRZ9avp+0gb5LOewwVaZC06LgPCNwfifgqvs+aotbIbE2jvczPPBmq/4W7zCYfOnzmHXLSZ38UUd1GD+XUGH3fmRcumZBVOGheUw6bzK7AnZcFQWLuey9zFJPevDbZeD9tRULpSZcaLWLCnz6XM59wvvetP2vncNfFTthHqG71bSZp7Y/RwAbfK4Npvz3vHq6UwEp+Hm5yPlNF2ZFx8fWH0+icVtdCJXPENxPzRaG7h184kdXzC2lR/Ch4InXrSv05hCmKiGBf/NYvwNnlP4h2XjebhXc8czMz34mRWphgiVCdWDQgi+eOu/xAZ0I85+lVBq/bCR6wlIt11Q=="}^_^17ms,439ms,25ms^_^trace_id:0601d58b17718260014987506245209
26-02-23.13:53:24.015 [scheduling-1    ] INFO  NoPayNotifyOrderJob    - 任务；检测未接收到或未正确处理的支付回调通知
26-02-23.13:53:24.331 [scheduling-1    ] ERROR err                    - ErrorScene^_^40004^_^ACQ.TRADE_NOT_EXIST^_^null^_^Windows 11^_^2026-02-23 13:53:24^_^ProtocalMustParams:charset=utf-8&method=alipay.trade.query&sign=WgHT/KtL2aDQ0feUp/f9QIeJGBNBT8GXvoOX4vSzXhQekH9AdWQlsJT1trO1iNhTxA7lmKajj690zOM5nLa7Ijgq8Jsy5LnnqBBLN6C2uLFf/NLLDVrdPyjlprc0GrbCdhvBMBBdz4R1Rn/+N1Pp7I55pO36acrdsxLoq2VPxGQy68HCQR6S3xc5wL/3NbAZm067IffvM5+bfmkuF19dw2M2vONBxvADUaazLVzcMkyMk+2SvNtGQ35z83MRxAzXyDd0/9BlUGCexbSbOu3t5CxVIaD61XFJazf6t+D49ckNuLfkndTAYZ5mczFcLd3q42BawP50yyy7veueZ7JSNg==&version=1.0&app_id=9021000161677151&sign_type=RSA2&timestamp=2026-02-23 13:53:24^_^ProtocalOptParams:alipay_sdk=alipay-sdk-java-4.38.157.ALL&format=json^_^ApplicationParams:traceId=0600019a177182600449474022811801&biz_content={"out_trade_no":"30652892283884"}^_^Body:{"alipay_trade_query_response":{"msg":"Business Failed","code":"40004","out_trade_no":"30652892283884","sub_msg":"交易不存在","sub_code":"ACQ.TRADE_NOT_EXIST","receipt_amount":"0.00","point_amount":"0.00","buyer_pay_amount":"0.00","invoice_amount":"0.00"},"sign":"APq9AZcRZ9avp+0gb5LOewwVaZC06LgPCNwfifgqvs+aotbIbE2jvczPPBmq/4W7zCYfOnzmHXLSZ38UUd1GD+XUGH3fmRcumZBVOGheUw6bzK7AnZcFQWLuey9zFJPevDbZeD9tRULpSZcaLWLCnz6XM59wvvetP2vncNfFTthHqG71bSZp7Y/RwAbfK4Npvz3vHq6UwEp+Hm5yPlNF2ZFx8fWH0+icVtdCJXPENxPzRaG7h184kdXzC2lR/Ch4InXrSv05hCmKiGBf/NYvwNnlP4h2XjebhXc8czMz34mRWphgiVCdWDQgi+eOu/xAZ0I85+lVBq/bCR6wlIt11Q=="}^_^20ms,256ms,30ms^_^trace_id:0600019a177182600449474022811801
26-02-23.13:53:24.343 [SpringApplicationShutdownHook] INFO  HikariDataSource       - HikariPool-1 - Shutdown initiated...
26-02-23.13:53:24.357 [SpringApplicationShutdownHook] INFO  HikariDataSource       - HikariPool-1 - Shutdown completed.
